<?xml version="1.0" encoding="UTF-8"?>
<testng-results skipped="0" failed="0" total="1" passed="1">
  <reporter-output>
  </reporter-output>
  <suite name="Default suite" duration-ms="8046" started-at="2017-01-18T13:27:32Z" finished-at="2017-01-18T13:27:40Z">
    <groups>
    </groups>
    <test name="Default test" duration-ms="8046" started-at="2017-01-18T13:27:32Z" finished-at="2017-01-18T13:27:40Z">
      <class name="programs.ScreenShot">
        <test-method status="PASS" signature="testSetup()[pri:0, instance:programs.ScreenShot@cc285f4]" name="testSetup" is-config="true" duration-ms="2357" started-at="2017-01-18T18:57:32Z" finished-at="2017-01-18T18:57:34Z">
          <reporter-output>
          </reporter-output>
        </test-method> <!-- testSetup -->
        <test-method status="PASS" signature="testScripts()[pri:0, instance:programs.ScreenShot@cc285f4]" name="testScripts" duration-ms="5670" started-at="2017-01-18T18:57:34Z" finished-at="2017-01-18T18:57:40Z">
          <reporter-output>
          </reporter-output>
        </test-method> <!-- testScripts -->
        <test-method status="PASS" signature="tearDown()[pri:0, instance:programs.ScreenShot@cc285f4]" name="tearDown" is-config="true" duration-ms="0" started-at="2017-01-18T18:57:40Z" finished-at="2017-01-18T18:57:40Z">
          <reporter-output>
          </reporter-output>
        </test-method> <!-- tearDown -->
      </class> <!-- programs.ScreenShot -->
    </test> <!-- Default test -->
  </suite> <!-- Default suite -->
</testng-results>
